<?xml version="1.0" encoding="UTF-8"?>
<testsuite xmlns:xsi="http://www.w3.org/2001/XMLSchema-instance" xsi:noNamespaceSchemaLocation="https://maven.apache.org/surefire/maven-surefire-plugin/xsd/surefire-test-report.xsd" name="Unittestcase.UnitTestCaseDemo.CalculatorTest" time="0.552" tests="5" errors="0" skipped="0" failures="0">
  <properties>
[...]
</properties>
  <testcase name="testAdd" classname="Unittestcase.UnitTestCaseDemo.CalculatorTest" time="0.205"/>
  <testcase name="testSubtract" classname="Unittestcase.UnitTestCaseDemo.CalculatorTest" time="0"/>
  <testcase name="testAdd1" classname="Unittestcase.UnitTestCaseDemo.CalculatorTest" time="0"/>
  <testcase name="testDivide" classname="Unittestcase.UnitTestCaseDemo.CalculatorTest" time="0"/>
  <testcase name="testMultiply" classname="Unittestcase.UnitTestCaseDemo.CalculatorTest" time="0.002"/>
</testsuite>